c:\users\murder\documents\visual studio 2015\projects\l_1_b\l_1_b\debug\vc140.pdb
c:\users\murder\documents\visual studio 2015\projects\l_1_b\l_1_b\debug\.netframework,version=v4.5.2.assemblyattributes.obj
c:\users\murder\documents\visual studio 2015\projects\l_1_b\l_1_b\debug\.netframework,version=v4.5.2.assemblyattributes.asm
c:\users\murder\documents\visual studio 2015\projects\l_1_b\l_1_b\debug\l_1_b_face.obj
c:\users\murder\documents\visual studio 2015\projects\l_1_b\l_1_b\debug\l_1_b.obj
c:\users\murder\documents\visual studio 2015\projects\l_1_b\debug\l_1_b.exe
c:\users\murder\documents\visual studio 2015\projects\l_1_b\debug\l_1_b.pdb
c:\users\murder\documents\visual studio 2015\projects\l_1_b\l_1_b\debug\l_1_b.l_1_b_face.resources
c:\users\murder\documents\visual studio 2015\projects\l_1_b\l_1_b\debug\l_1_b.variables_change.resources
c:\users\murder\documents\visual studio 2015\projects\l_1_b\l_1_b\debug\l_1_b.weight_window.resources
c:\users\murder\documents\visual studio 2015\projects\l_1_b\l_1_b\debug\l_1_b.vcxproj.generateresource.cache
c:\users\murder\documents\visual studio 2015\projects\l_1_b\l_1_b\debug\l_1_b.vcxprojresolveassemblyreference.cache
c:\users\murder\documents\visual studio 2015\projects\l_1_b\l_1_b\debug\l_1_b.tlog\cl.command.1.tlog
c:\users\murder\documents\visual studio 2015\projects\l_1_b\l_1_b\debug\l_1_b.tlog\cl.read.1.tlog
c:\users\murder\documents\visual studio 2015\projects\l_1_b\l_1_b\debug\l_1_b.tlog\cl.write.1.tlog
c:\users\murder\documents\visual studio 2015\projects\l_1_b\l_1_b\debug\l_1_b.tlog\link.command.1.tlog
c:\users\murder\documents\visual studio 2015\projects\l_1_b\l_1_b\debug\l_1_b.tlog\link.read.1.tlog
c:\users\murder\documents\visual studio 2015\projects\l_1_b\l_1_b\debug\l_1_b.tlog\link.write.1.tlog
c:\users\murder\documents\visual studio 2015\projects\l_1_b\l_1_b\debug\l_1_b.tlog\l_1_b.write.1u.tlog
c:\users\murder\documents\visual studio 2015\projects\l_1_b\l_1_b\debug\l_1_b.tlog\metagen.read.1.tlog
c:\users\murder\documents\visual studio 2015\projects\l_1_b\l_1_b\debug\l_1_b.tlog\metagen.write.1.tlog
c:\users\murder\documents\visual studio 2015\projects\l_1_b\l_1_b\debug\l_1_b.tlog\rsaenh.dll.bi
c:\users\murder\documents\visual studio 2015\projects\l_1_b\l_1_b\debug\l_1_b.tlog\tzres.dll.bi
